Performing C SOURCE FILE Test CMAKE_HAVE_LIBC_PTHREAD failed with the following output:
Change Dir: /home/yaroslav/Techno_park/2_sem/Blockcheins/pseudo-random-distribution-dz4-/cmake-build-debug/CMakeFiles/CMakeTmp

Run Build Command(s):/usr/bin/make cmTC_85801/fast && /usr/bin/make  -f CMakeFiles/cmTC_85801.dir/build.make CMakeFiles/cmTC_85801.dir/build
make[1]: вход в каталог «/home/yaroslav/Techno_park/2_sem/Blockcheins/pseudo-random-distribution-dz4-/cmake-build-debug/CMakeFiles/CMakeTmp»
Building C object CMakeFiles/cmTC_85801.dir/src.c.o
/usr/bin/cc -DCMAKE_HAVE_LIBC_PTHREAD   -o CMakeFiles/cmTC_85801.dir/src.c.o -c /home/yaroslav/Techno_park/2_sem/Blockcheins/pseudo-random-distribution-dz4-/cmake-build-debug/CMakeFiles/CMakeTmp/src.c
Linking C executable cmTC_85801
/snap/clion/149/bin/cmake/linux/bin/cmake -E cmake_link_script CMakeFiles/cmTC_85801.dir/link.txt --verbose=1
/usr/bin/cc CMakeFiles/cmTC_85801.dir/src.c.o -o cmTC_85801 
/usr/bin/ld: CMakeFiles/cmTC_85801.dir/src.c.o: в функции «main»:
src.c:(.text+0x46): неопределённая ссылка на «pthread_create»
/usr/bin/ld: src.c:(.text+0x52): неопределённая ссылка на «pthread_detach»
/usr/bin/ld: src.c:(.text+0x5e): неопределённая ссылка на «pthread_cancel»
/usr/bin/ld: src.c:(.text+0x6f): неопределённая ссылка на «pthread_join»
collect2: error: ld returned 1 exit status
make[1]: *** [CMakeFiles/cmTC_85801.dir/build.make:106: cmTC_85801] Ошибка 1
make[1]: выход из каталога «/home/yaroslav/Techno_park/2_sem/Blockcheins/pseudo-random-distribution-dz4-/cmake-build-debug/CMakeFiles/CMakeTmp»
make: *** [Makefile:140: cmTC_85801/fast] Ошибка 2


Source file was:
#include <pthread.h>

static void* test_func(void* data)
{
  return data;
}

int main(void)
{
  pthread_t thread;
  pthread_create(&thread, NULL, test_func, NULL);
  pthread_detach(thread);
  pthread_cancel(thread);
  pthread_join(thread, NULL);
  pthread_atfork(NULL, NULL, NULL);
  pthread_exit(NULL);

  return 0;
}

Determining if the function pthread_create exists in the pthreads failed with the following output:
Change Dir: /home/yaroslav/Techno_park/2_sem/Blockcheins/pseudo-random-distribution-dz4-/cmake-build-debug/CMakeFiles/CMakeTmp

Run Build Command(s):/usr/bin/make cmTC_44a5d/fast && /usr/bin/make  -f CMakeFiles/cmTC_44a5d.dir/build.make CMakeFiles/cmTC_44a5d.dir/build
make[1]: вход в каталог «/home/yaroslav/Techno_park/2_sem/Blockcheins/pseudo-random-distribution-dz4-/cmake-build-debug/CMakeFiles/CMakeTmp»
Building C object CMakeFiles/cmTC_44a5d.dir/CheckFunctionExists.c.o
/usr/bin/cc   -DCHECK_FUNCTION_EXISTS=pthread_create -o CMakeFiles/cmTC_44a5d.dir/CheckFunctionExists.c.o -c /snap/clion/149/bin/cmake/linux/share/cmake-3.19/Modules/CheckFunctionExists.c
Linking C executable cmTC_44a5d
/snap/clion/149/bin/cmake/linux/bin/cmake -E cmake_link_script CMakeFiles/cmTC_44a5d.dir/link.txt --verbose=1
/usr/bin/cc  -DCHECK_FUNCTION_EXISTS=pthread_create CMakeFiles/cmTC_44a5d.dir/CheckFunctionExists.c.o -o cmTC_44a5d  -lpthreads 
/usr/bin/ld: невозможно найти -lpthreads
collect2: error: ld returned 1 exit status
make[1]: *** [CMakeFiles/cmTC_44a5d.dir/build.make:106: cmTC_44a5d] Ошибка 1
make[1]: выход из каталога «/home/yaroslav/Techno_park/2_sem/Blockcheins/pseudo-random-distribution-dz4-/cmake-build-debug/CMakeFiles/CMakeTmp»
make: *** [Makefile:140: cmTC_44a5d/fast] Ошибка 2



